<?xml version="1.0" encoding="UTF-8"?>
<!-- Generated by org.testng.reporters.JUnitReportReporter -->
<testsuite hostname="DESKTOP-0U2TKPC" failures="0" tests="1" name="runner_class.Register_runner" time="9.292" errors="0" timestamp="2021-08-21T11:49:10 IST" skipped="0">
  <testcase classname="runner_class.Register_runner" name="runScenario" time="9.292"/>
  <system-out/>
</testsuite> <!-- runner_class.Register_runner -->
