<?xml version="1.0" encoding="UTF-8"?>
<!-- Generated by org.testng.reporters.JUnitReportReporter -->
<testsuite hostname="DESKTOP-0U2TKPC" failures="0" tests="1" name="Demo.check" time="0.019" errors="0" timestamp="2021-08-22T10:56:00 IST" skipped="0">
  <testcase classname="Demo.check" name="path" time="0.019"/>
  <system-out/>
</testsuite> <!-- Demo.check -->
