<?xml version="1.0" encoding="UTF-8"?>
<!-- Generated by org.testng.reporters.JUnitReportReporter -->
<testsuite hostname="DESKTOP-0U2TKPC" failures="0" tests="1" name="practice.Start" time="0.015" errors="0" timestamp="2021-08-07T14:25:27 IST" skipped="0">
  <testcase classname="practice.Start" name="show" time="0.015"/>
  <system-out/>
</testsuite> <!-- practice.Start -->
