<?xml version="1.0" encoding="UTF-8"?>
<!-- Generated by org.testng.reporters.JUnitReportReporter -->
<testsuite hostname="DESKTOP-0U2TKPC" failures="0" tests="1" name="mpack.GetAndPostExample" time="4.356" errors="0" timestamp="2021-08-10T11:03:36 IST" skipped="0">
  <testcase classname="mpack.GetAndPostExample" name="testget" time="4.356"/>
  <system-out/>
</testsuite> <!-- mpack.GetAndPostExample -->
