<?xml version="1.0" encoding="UTF-8"?>
<!-- Generated by org.testng.reporters.JUnitReportReporter -->
<testsuite hostname="DESKTOP-0U2TKPC" failures="0" tests="1" name="LocalHost.JsonShemavalidator" time="9.554" errors="0" timestamp="2021-08-11T13:59:37 IST" skipped="0">
  <testcase classname="LocalHost.JsonShemavalidator" name="testgt" time="9.554"/>
  <system-out/>
</testsuite> <!-- LocalHost.JsonShemavalidator -->
