<?xml version="1.0" encoding="UTF-8"?>
<!-- Generated by org.testng.reporters.JUnitReportReporter -->
<testsuite hostname="DESKTOP-0U2TKPC" failures="0" tests="1" name="LocalHost.Get_and_Put" time="3.039" errors="0" timestamp="2021-08-11T11:13:16 IST" skipped="0">
  <testcase classname="LocalHost.Get_and_Put" name="testpatch" time="3.039"/>
  <system-out/>
</testsuite> <!-- LocalHost.Get_and_Put -->
