<?xml version="1.0" encoding="UTF-8"?>
<!-- Generated by org.testng.reporters.JUnitReportReporter -->
<testsuite hostname="DESKTOP-0U2TKPC" failures="0" tests="1" name="mpack.practice" time="3.281" errors="0" timestamp="2021-08-11T11:10:42 IST" skipped="0">
  <testcase classname="mpack.practice" name="testdelete" time="3.281"/>
  <system-out/>
</testsuite> <!-- mpack.practice -->
