<?xml version="1.0" encoding="UTF-8"?>
<!-- Generated by org.testng.reporters.JUnitReportReporter -->
<testsuite hostname="DESKTOP-0U2TKPC" failures="0" tests="1" name="soapUI.SoapXML" time="5.340" errors="0" timestamp="2021-08-11T15:44:26 IST" skipped="0">
  <testcase classname="soapUI.SoapXML" name="validateSoapXml" time="5.340"/>
  <system-out/>
</testsuite> <!-- soapUI.SoapXML -->
