<?xml version="1.0" encoding="UTF-8"?>
<!-- Generated by org.testng.reporters.JUnitReportReporter -->
<testsuite hostname="DESKTOP-0U2TKPC" failures="0" tests="2" name="mpack.GET" time="5.821" errors="0" timestamp="2021-08-10T10:23:36 IST" skipped="0">
  <testcase classname="mpack.GET" name="test2" time="2.173"/>
  <system-out/>
  <testcase classname="mpack.GET" name="test" time="3.648"/>
  <system-out/>
</testsuite> <!-- mpack.GET -->
