<?xml version="1.0" encoding="UTF-8"?>
<!-- Generated by org.testng.reporters.JUnitReportReporter -->
<testsuite hostname="DESKTOP-0U2TKPC" failures="0" tests="1" name="mpack.StartoneTest" time="0.016" errors="0" timestamp="2021-08-07T14:51:26 IST" skipped="0">
  <testcase classname="mpack.StartoneTest" name="show2" time="0.016"/>
  <system-out/>
</testsuite> <!-- mpack.StartoneTest -->
