<?xml version="1.0" encoding="UTF-8"?>
<!-- Generated by org.testng.reporters.JUnitReportReporter -->
<testsuite hostname="DESKTOP-0U2TKPC" failures="0" tests="1" name="mpack.PutPatchExample" time="3.589" errors="0" timestamp="2021-08-10T11:33:56 IST" skipped="0">
  <testcase classname="mpack.PutPatchExample" name="TestDelete" time="3.589"/>
  <system-out/>
</testsuite> <!-- mpack.PutPatchExample -->
