<?xml version="1.0" encoding="UTF-8"?>
<!-- Generated by org.testng.reporters.JUnitReportReporter -->
<testsuite hostname="DESKTOP-0U2TKPC" failures="0" tests="1" name="Demo.Login_Test" time="7.816" errors="0" timestamp="2021-08-05T14:57:38 IST" skipped="0">
  <testcase classname="Demo.Login_Test" name="login" time="7.816"/>
  <system-out/>
</testsuite> <!-- Demo.Login_Test -->
