<?xml version="1.0" encoding="UTF-8"?>
<!-- Generated by org.testng.reporters.JUnitReportReporter -->
<testsuite hostname="DESKTOP-0U2TKPC" failures="0" tests="1" name="practive.XML" time="1.124" errors="0" timestamp="2021-08-06T15:24:53 IST" skipped="0">
  <testcase classname="practive.XML" name="test" time="1.124"/>
  <system-out/>
</testsuite> <!-- practive.XML -->
