<?xml version="1.0" encoding="UTF-8"?>
<!-- Generated by org.testng.reporters.JUnitReportReporter -->
<testsuite hostname="DESKTOP-0U2TKPC" failures="0" tests="1" name="practive.properties" time="17.487" errors="0" timestamp="2021-08-06T14:33:41 IST" skipped="0">
  <testcase classname="practive.properties" name="test" time="17.487"/>
  <system-out/>
</testsuite> <!-- practive.properties -->
