<?xml version="1.0" encoding="UTF-8"?>
<!-- Generated by org.testng.reporters.JUnitReportReporter -->
<testsuite hostname="DESKTOP-0U2TKPC" failures="0" tests="1" name="Demo.Autoit" time="33.156" errors="0" timestamp="2021-08-05T16:31:46 IST" skipped="0">
  <testcase classname="Demo.Autoit" name="show" time="33.156"/>
  <system-out/>
</testsuite> <!-- Demo.Autoit -->
