<?xml version="1.0" encoding="UTF-8"?>
<!-- Generated by org.testng.reporters.JUnitReportReporter -->
<testsuite hostname="DESKTOP-0U2TKPC" failures="0" tests="1" name="Demo.putTest" time="2.991" errors="0" timestamp="2021-08-12T14:28:39 IST" skipped="0">
  <testcase classname="Demo.putTest" name="testPut" time="2.991"/>
  <system-out/>
</testsuite> <!-- Demo.putTest -->
