<?xml version="1.0" encoding="UTF-8"?>
<!-- Generated by org.testng.reporters.JUnitReportReporter -->
<testsuite hostname="DESKTOP-0U2TKPC" failures="0" tests="1" name="Demo.deleteTest" time="2.416" errors="0" timestamp="2021-08-12T14:46:30 IST" skipped="0">
  <testcase classname="Demo.deleteTest" name="testDelete" time="2.416"/>
  <system-out/>
</testsuite> <!-- Demo.deleteTest -->
