<?xml version="1.0" encoding="UTF-8"?>
<!-- Generated by org.testng.reporters.JUnitReportReporter -->
<testsuite hostname="DESKTOP-0U2TKPC" failures="0" tests="1" name="Demo.demoGet" time="2.673" errors="0" timestamp="2021-08-12T15:38:19 IST" skipped="0">
  <testcase classname="Demo.demoGet" name="testParamAndHeaders" time="2.673"/>
  <system-out/>
</testsuite> <!-- Demo.demoGet -->
