<?xml version="1.0" encoding="UTF-8"?>
<!-- Generated by org.testng.reporters.JUnitReportReporter -->
<testsuite hostname="DESKTOP-0U2TKPC" failures="0" tests="1" name="Demo.getTest" time="5.779" errors="0" timestamp="2021-08-12T10:26:35 IST" skipped="0">
  <testcase classname="Demo.getTest" name="Get_Request" time="5.779"/>
  <system-out/>
</testsuite> <!-- Demo.getTest -->
